Unity Editor version:    2021.3.25f1 (68ef2c4f8861)
Branch:                  2021.3/staging
Build type:              Release
Batch mode:              YES
macOS version:           Version 13.2.1 (Build 22D68)
Darwin version:          22.3.0
Architecture:            arm64
Running under Rosetta:   NO
Available memory:        8192 MB
Using pre-set license
Pro License: YES

COMMAND LINE ARGUMENTS:
/Applications/Unity/Hub/Editor/2021.3.25f1/Unity.app/Contents/MacOS/Unity
-adb2
-batchMode
-noUpm
-name
AssetImportWorker1
-projectPath
/Users/aayushbaniya/Downloads/GitHub/GameDevelopment/2DRunner/2DRunner
-logFile
Logs/AssetImportWorker1.log
-srvPort
55815
Successfully changed project path to: /Users/aayushbaniya/Downloads/GitHub/GameDevelopment/2DRunner/2DRunner
/Users/aayushbaniya/Downloads/GitHub/GameDevelopment/2DRunner/2DRunner
[UnityMemory] Configuration Parameters - Can be set up in boot.config
    "memorysetup-bucket-allocator-granularity=16"
    "memorysetup-bucket-allocator-bucket-count=8"
    "memorysetup-bucket-allocator-block-size=33554432"
    "memorysetup-bucket-allocator-block-count=8"
    "memorysetup-main-allocator-block-size=16777216"
    "memorysetup-thread-allocator-block-size=16777216"
    "memorysetup-gfx-main-allocator-block-size=16777216"
    "memorysetup-gfx-thread-allocator-block-size=16777216"
    "memorysetup-cache-allocator-block-size=4194304"
    "memorysetup-typetree-allocator-block-size=2097152"
    "memorysetup-profiler-bucket-allocator-granularity=16"
    "memorysetup-profiler-bucket-allocator-bucket-count=8"
    "memorysetup-profiler-bucket-allocator-block-size=33554432"
    "memorysetup-profiler-bucket-allocator-block-count=8"
    "memorysetup-profiler-allocator-block-size=16777216"
    "memorysetup-profiler-editor-allocator-block-size=1048576"
    "memorysetup-temp-allocator-size-main=16777216"
    "memorysetup-job-temp-allocator-block-size=2097152"
    "memorysetup-job-temp-allocator-block-size-background=1048576"
    "memorysetup-job-temp-allocator-reduction-small-platforms=262144"
    "memorysetup-temp-allocator-size-background-worker=32768"
    "memorysetup-temp-allocator-size-job-worker=262144"
    "memorysetup-temp-allocator-size-preload-manager=33554432"
    "memorysetup-temp-allocator-size-nav-mesh-worker=65536"
    "memorysetup-temp-allocator-size-audio-worker=65536"
    "memorysetup-temp-allocator-size-cloud-worker=32768"
    "memorysetup-temp-allocator-size-gi-baking-worker=262144"
    "memorysetup-temp-allocator-size-gfx=262144"
Player connection [8608825664] Host "[IP] 192.168.1.237 [Port] 0 [Flags] 2 [Guid] 3316690013 [EditorId] 3316690013 [Version] 1048832 [Id] OSXEditor(0,Aayushs-MBP.attlocal.net) [Debug] 1 [PackageName] OSXEditor [ProjectName] Editor" joined multi-casting on [225.0.0.222:54997]...

Player connection [8608825664] Host "[IP] 192.168.1.237 [Port] 0 [Flags] 2 [Guid] 3316690013 [EditorId] 3316690013 [Version] 1048832 [Id] OSXEditor(0,Aayushs-MBP.attlocal.net) [Debug] 1 [PackageName] OSXEditor [ProjectName] Editor" joined alternative multi-casting on [225.0.0.222:34997]...

Refreshing native plugins compatible for Editor in 94.66 ms, found 2 plugins.
Preloading 0 native plugins for Editor in 0.00 ms.
Initialize engine version: 2021.3.25f1 (68ef2c4f8861)
[Subsystems] Discovering subsystems at path /Applications/Unity/Hub/Editor/2021.3.25f1/Unity.app/Contents/Resources/UnitySubsystems
[Subsystems] Discovering subsystems at path /Users/aayushbaniya/Downloads/GitHub/GameDevelopment/2DRunner/2DRunner/Assets
GfxDevice: creating device client; threaded=0; jobified=0
 preferred device: Apple M1 (high power)
Metal devices available: 1
0: Apple M1 (high power)
Using device Apple M1 (high power)
Initializing Metal device caps: Apple M1
Initialize mono
Mono path[0] = '/Applications/Unity/Hub/Editor/2021.3.25f1/Unity.app/Contents/Managed'
Mono path[1] = '/Applications/Unity/Hub/Editor/2021.3.25f1/Unity.app/Contents/MonoBleedingEdge/lib/mono/unityjit-macos'
Mono config path = '/Applications/Unity/Hub/Editor/2021.3.25f1/Unity.app/Contents/MonoBleedingEdge/etc'
Using monoOptions --debugger-agent=transport=dt_socket,embedding=1,server=y,suspend=n,address=127.0.0.1:56092
Begin MonoManager ReloadAssembly
Registering precompiled unity dll's ...
Register platform support module: /Applications/Unity/Hub/Editor/2021.3.25f1/PlaybackEngines/WebGLSupport/UnityEditor.WebGL.Extensions.dll
Register platform support module: /Applications/Unity/Hub/Editor/2021.3.25f1/Unity.app/Contents/PlaybackEngines/MacStandaloneSupport/UnityEditor.OSXStandalone.Extensions.dll
Register platform support module: /Applications/Unity/Hub/Editor/2021.3.25f1/PlaybackEngines/AndroidPlayer/UnityEditor.Android.Extensions.dll
Register platform support module: /Applications/Unity/Hub/Editor/2021.3.25f1/PlaybackEngines/iOSSupport/UnityEditor.iOS.Extensions.dll
Registered in 0.002766 seconds.
[usbmuxd] Start listen thread
[usbmuxd] Listen thread started
[usbmuxd] Send listen message
Native extension for iOS target not found
2023-05-26 11:52:46.299 Unity[33092:2994168] [XcodeApplications] Expected com.apple.dt.Xcode CFBundleIdentifier but found com.microsoft.VSCode in /Users/aayushbaniya/Downloads/Visual Studio Code.app/Contents/Info.plist
Native extension for Android target not found
Android Extension - Scanning For ADB Devices 77 ms
Native extension for OSXStandalone target not found
Native extension for WebGL target not found
Refreshing native plugins compatible for Editor in 94.20 ms, found 2 plugins.
Preloading 0 native plugins for Editor in 0.00 ms.
Mono: successfully reloaded assembly
- Completed reload, in  0.602 seconds
Domain Reload Profiling:
	ReloadAssembly (602ms)
		BeginReloadAssembly (77ms)
			ExecutionOrderSort (0ms)
			DisableScriptedObjects (0ms)
			BackupInstance (0ms)
			ReleaseScriptingObjects (0ms)
			CreateAndSetChildDomain (0ms)
		EndReloadAssembly (466ms)
			LoadAssemblies (80ms)
			RebuildTransferFunctionScriptingTraits (0ms)
			SetupTypeCache (71ms)
			ReleaseScriptCaches (0ms)
			RebuildScriptCaches (18ms)
			SetupLoadedEditorAssemblies (348ms)
				LogAssemblyErrors (0ms)
				InitializePlatformSupportModulesInManaged (190ms)
				SetLoadedEditorAssemblies (0ms)
				RefreshPlugins (94ms)
				BeforeProcessingInitializeOnLoad (1ms)
				ProcessInitializeOnLoadAttributes (42ms)
				ProcessInitializeOnLoadMethodAttributes (22ms)
				AfterProcessingInitializeOnLoad (0ms)
				EditorAssembliesLoaded (0ms)
			ExecutionOrderSort2 (0ms)
			AwakeInstancesAfterBackupRestoration (0ms)
Platform modules already initialized, skipping
Registering precompiled user dll's ...
Registered in 0.008279 seconds.
Begin MonoManager ReloadAssembly
Symbol file LoadedFromMemory doesn't match image /Users/aayushbaniya/Downloads/GitHub/GameDevelopment/2DRunner/2DRunner/Library/PackageCache/com.unity.visualscripting@1.8.0/Editor/VisualScripting.Core/Dependencies/YamlDotNet/Unity.VisualScripting.YamlDotNet.dll
Symbol file LoadedFromMemory doesn't match image /Users/aayushbaniya/Downloads/GitHub/GameDevelopment/2DRunner/2DRunner/Library/PackageCache/com.unity.visualscripting@1.8.0/Editor/VisualScripting.Core/Dependencies/DotNetZip/Unity.VisualScripting.IonicZip.dll
Native extension for iOS target not found
2023-05-26 11:52:48.491 Unity[33092:2994168] [XcodeApplications] Expected com.apple.dt.Xcode CFBundleIdentifier but found com.microsoft.VSCode in /Users/aayushbaniya/Downloads/Visual Studio Code.app/Contents/Info.plist
Native extension for Android target not found
Native extension for OSXStandalone target not found
Native extension for WebGL target not found
Refreshing native plugins compatible for Editor in 95.44 ms, found 2 plugins.
Preloading 0 native plugins for Editor in 0.00 ms.
Mono: successfully reloaded assembly
- Completed reload, in  0.808 seconds
Domain Reload Profiling:
	ReloadAssembly (809ms)
		BeginReloadAssembly (62ms)
			ExecutionOrderSort (0ms)
			DisableScriptedObjects (3ms)
			BackupInstance (0ms)
			ReleaseScriptingObjects (0ms)
			CreateAndSetChildDomain (17ms)
		EndReloadAssembly (684ms)
			LoadAssemblies (66ms)
			RebuildTransferFunctionScriptingTraits (0ms)
			SetupTypeCache (174ms)
			ReleaseScriptCaches (1ms)
			RebuildScriptCaches (41ms)
			SetupLoadedEditorAssemblies (367ms)
				LogAssemblyErrors (0ms)
				InitializePlatformSupportModulesInManaged (17ms)
				SetLoadedEditorAssemblies (0ms)
				RefreshPlugins (95ms)
				BeforeProcessingInitializeOnLoad (71ms)
				ProcessInitializeOnLoadAttributes (144ms)
				ProcessInitializeOnLoadMethodAttributes (38ms)
				AfterProcessingInitializeOnLoad (1ms)
				EditorAssembliesLoaded (0ms)
			ExecutionOrderSort2 (0ms)
			AwakeInstancesAfterBackupRestoration (2ms)
Platform modules already initialized, skipping
========================================================================
Worker process is ready to serve import requests
Launching external process: /Applications/Unity/Hub/Editor/2021.3.25f1/Unity.app/Contents/Tools/UnityShaderCompiler
Launched and connected shader compiler UnityShaderCompiler after 0.05 seconds
Refreshing native plugins compatible for Editor in 0.82 ms, found 2 plugins.
Preloading 0 native plugins for Editor in 0.00 ms.
Unloading 5339 Unused Serialized files (Serialized files now loaded: 0)
Unloading 45 unused Assets / (1.0 MB). Loaded Objects now: 5785.
Memory consumption went from 210.9 MB to 209.9 MB.
Total: 4.889375 ms (FindLiveObjects: 0.268959 ms CreateObjectMapping: 0.204584 ms MarkObjects: 4.009541 ms  DeleteObjects: 0.405500 ms)

AssetImportParameters requested are different than current active one (requested -> active):
  custom:video-decoder-ogg-theora: a1e56fd34408186e4bbccfd4996cb3dc -> 
  custom:container-muxer-webm: aa71ff27fc2769a1b78a27578f13a17b -> 
  custom:container-demuxer-webm: 4f35f7cbe854078d1ac9338744f61a02 -> 
  custom:video-encoder-webm-vp8: eb34c28f22e8b96e1ab97ce403110664 -> 
  custom:framework-osx-AVFoundation: e770b220cccbd017edd2c1fefb359320 -> 
  custom:audio-encoder-webm-vorbis: bf7c407c2cedff20999df2af8eb42d56 -> 
  custom:container-demuxer-ogg: 62fdf1f143b41e24485cea50d1cbac27 -> 
  custom:video-decoder-webm-vp8: 9c59270c3fd7afecdb556c50c9e8de78 -> 
  custom:audio-decoder-ogg-vorbis: bf7c407c2cedff20999df2af8eb42d56 -> 
========================================================================
Received Import Request.
  Time since last request: 221291.580468 seconds.
  path: Assets/Runner/Environment/Materials/Key.mat
  artifactKey: Guid(6f735bbb9e58d45c8838c52b31e346ae) Importer(815301076,1909f56bfc062723c751e8b465ee728b)
Start importing Assets/Runner/Environment/Materials/Key.mat using Guid(6f735bbb9e58d45c8838c52b31e346ae) Importer(815301076,1909f56bfc062723c751e8b465ee728b)  -> (artifact id: '04fb34c188b4f2cfc16856b322799eed') in 0.427813 seconds 
========================================================================
Received Import Request.
  Time since last request: 0.000054 seconds.
  path: Assets/Runner/Environment/Materials/Player.mat
  artifactKey: Guid(ab1a5f77af35b4b57b77d1ed7ce28192) Importer(815301076,1909f56bfc062723c751e8b465ee728b)
Start importing Assets/Runner/Environment/Materials/Player.mat using Guid(ab1a5f77af35b4b57b77d1ed7ce28192) Importer(815301076,1909f56bfc062723c751e8b465ee728b)  -> (artifact id: '1c4e726a9b963eb93e92e20a5464b0aa') in 0.008258 seconds 
========================================================================
Received Import Request.
  Time since last request: 0.000048 seconds.
  path: Assets/Runner/Environment/Textures/Star.png
  artifactKey: Guid(5d7a6f610963b490f85be6688b1c68db) Importer(815301076,1909f56bfc062723c751e8b465ee728b)
Start importing Assets/Runner/Environment/Textures/Star.png using Guid(5d7a6f610963b490f85be6688b1c68db) Importer(815301076,1909f56bfc062723c751e8b465ee728b)  -> (artifact id: '97bf9d981b18800b9b66d45d411adce7') in 0.051905 seconds 
========================================================================
Received Import Request.
  Time since last request: 0.000052 seconds.
  path: Assets/Runner/Environment/Materials/CheckeredFlag.mat
  artifactKey: Guid(bf39c38b7ee8341249aecd2609925601) Importer(815301076,1909f56bfc062723c751e8b465ee728b)
Start importing Assets/Runner/Environment/Materials/CheckeredFlag.mat using Guid(bf39c38b7ee8341249aecd2609925601) Importer(815301076,1909f56bfc062723c751e8b465ee728b)  -> (artifact id: '18baa93a4d5d91c58c532f448cbea2f9') in 0.010289 seconds 
========================================================================
Received Import Request.
  Time since last request: 0.000204 seconds.
  path: Assets/Runner/Environment/Materials/Terrain.mat
  artifactKey: Guid(e2d13250d13954c7991517c511efc6be) Importer(815301076,1909f56bfc062723c751e8b465ee728b)
Start importing Assets/Runner/Environment/Materials/Terrain.mat using Guid(e2d13250d13954c7991517c511efc6be) Importer(815301076,1909f56bfc062723c751e8b465ee728b)  -> (artifact id: '1993f859f4011bcb35f10f04463ac01a') in 0.007996 seconds 
========================================================================
Received Import Request.
  Time since last request: 0.000075 seconds.
  path: Assets/Runner/Environment/Levels/Level_000.asset
  artifactKey: Guid(33ced907333634bffa860034de1f4df9) Importer(815301076,1909f56bfc062723c751e8b465ee728b)
Start importing Assets/Runner/Environment/Levels/Level_000.asset using Guid(33ced907333634bffa860034de1f4df9) Importer(815301076,1909f56bfc062723c751e8b465ee728b)  -> (artifact id: 'af64473ce20a17f5cf5d943d0d092e84') in 0.066519 seconds 
========================================================================
Received Import Request.
  Time since last request: 0.000062 seconds.
  path: Assets/Runner/Environment/Materials/Coin.mat
  artifactKey: Guid(c6bc51f1318fb4ec087e1fd0630a2090) Importer(815301076,1909f56bfc062723c751e8b465ee728b)
Start importing Assets/Runner/Environment/Materials/Coin.mat using Guid(c6bc51f1318fb4ec087e1fd0630a2090) Importer(815301076,1909f56bfc062723c751e8b465ee728b)  -> (artifact id: '7c97feb121d3686f89540d56f43b2c61') in 0.011431 seconds 
========================================================================
Received Import Request.
  Time since last request: 0.000061 seconds.
  path: Assets/Runner/Environment/Materials/Obstacle.mat
  artifactKey: Guid(7c12a1451e4854e86a58ca7309521da7) Importer(815301076,1909f56bfc062723c751e8b465ee728b)
Start importing Assets/Runner/Environment/Materials/Obstacle.mat using Guid(7c12a1451e4854e86a58ca7309521da7) Importer(815301076,1909f56bfc062723c751e8b465ee728b)  -> (artifact id: 'aac9c13d3b58b7c188fe3ecfcf6b22aa') in 0.006414 seconds 
========================================================================
Received Import Request.
  Time since last request: 0.000138 seconds.
  path: Assets/Runner/Environment/Textures/chevron.png
  artifactKey: Guid(75b5aacffb5814938a456d1bdc398499) Importer(815301076,1909f56bfc062723c751e8b465ee728b)
Start importing Assets/Runner/Environment/Textures/chevron.png using Guid(75b5aacffb5814938a456d1bdc398499) Importer(815301076,1909f56bfc062723c751e8b465ee728b)  -> (artifact id: 'ca240efe7769028af66a75c0ee5976ca') in 0.004256 seconds 
========================================================================
Received Import Request.
  Time since last request: 3.351282 seconds.
  path: Assets/Runner/Environment/Audio/Music.wav
  artifactKey: Guid(af19dcf2eb2434766b7ebfda2204fdbd) Importer(815301076,1909f56bfc062723c751e8b465ee728b)
Start importing Assets/Runner/Environment/Audio/Music.wav using Guid(af19dcf2eb2434766b7ebfda2204fdbd) Importer(815301076,1909f56bfc062723c751e8b465ee728b)  -> (artifact id: '702cf3c06267d41d4363233630606f4f') in 0.634892 seconds 
========================================================================
Received Import Request.
  Time since last request: 0.000314 seconds.
  path: Assets/Runner/Environment/Audio/Pop.aiff
  artifactKey: Guid(93827af2766564d40857b36eab1cf07f) Importer(815301076,1909f56bfc062723c751e8b465ee728b)
Start importing Assets/Runner/Environment/Audio/Pop.aiff using Guid(93827af2766564d40857b36eab1cf07f) Importer(815301076,1909f56bfc062723c751e8b465ee728b)  -> (artifact id: '078f7da934fcfd9b9d644efae2969280') in 0.466301 seconds 
========================================================================
Received Import Request.
  Time since last request: 0.469739 seconds.
  path: Assets/Runner/Environment/Prefabs/RunnerVolume.asset
  artifactKey: Guid(0ef76c0c6a3c64c9b9ed9c3c57e45e2d) Importer(815301076,1909f56bfc062723c751e8b465ee728b)
Start importing Assets/Runner/Environment/Prefabs/RunnerVolume.asset using Guid(0ef76c0c6a3c64c9b9ed9c3c57e45e2d) Importer(815301076,1909f56bfc062723c751e8b465ee728b)  -> (artifact id: '9a74829756f28e047609567ebda916b4') in 0.005381 seconds 
========================================================================
Received Import Request.
  Time since last request: 0.000077 seconds.
  path: Assets/Runner/Environment/Prefabs/StartLine.prefab
  artifactKey: Guid(021e1ce6e148542ccaa52b42d50df7df) Importer(815301076,1909f56bfc062723c751e8b465ee728b)
Start importing Assets/Runner/Environment/Prefabs/StartLine.prefab using Guid(021e1ce6e148542ccaa52b42d50df7df) Importer(815301076,1909f56bfc062723c751e8b465ee728b)  -> (artifact id: '36bf00f18552fc1b90411a39199b6800') in 0.060586 seconds 
========================================================================
Received Import Request.
  Time since last request: 10.228151 seconds.
  path: Assets/Runner/Events/KeyPickedEvent.asset
  artifactKey: Guid(d8fa6750a045f40cdb26e0f0442f8be5) Importer(815301076,1909f56bfc062723c751e8b465ee728b)
Start importing Assets/Runner/Events/KeyPickedEvent.asset using Guid(d8fa6750a045f40cdb26e0f0442f8be5) Importer(815301076,1909f56bfc062723c751e8b465ee728b)  -> (artifact id: '9ce2024372925739ffdcd1d284cffac1') in 0.003435 seconds 
========================================================================
Received Import Request.
  Time since last request: 2.847765 seconds.
  path: Assets/Runner/Prefabs/GameplayCamera.prefab
  artifactKey: Guid(a199d962ca53e4a10ba285d5d34bf335) Importer(815301076,1909f56bfc062723c751e8b465ee728b)
Start importing Assets/Runner/Prefabs/GameplayCamera.prefab using Guid(a199d962ca53e4a10ba285d5d34bf335) Importer(815301076,1909f56bfc062723c751e8b465ee728b)  -> (artifact id: 'ff978d178d91a91474c95ab602b0c06f') in 0.006918 seconds 
========================================================================
Received Import Request.
  Time since last request: 0.000097 seconds.
  path: Assets/Runner/Prefabs/Inventory.prefab
  artifactKey: Guid(67412f9863af24cf0a73c3bae209c29c) Importer(815301076,1909f56bfc062723c751e8b465ee728b)
Start importing Assets/Runner/Prefabs/Inventory.prefab using Guid(67412f9863af24cf0a73c3bae209c29c) Importer(815301076,1909f56bfc062723c751e8b465ee728b)  -> (artifact id: 'fb318d76467fe52c385dfc9081b9f93e') in 0.003702 seconds 
========================================================================
Received Import Request.
  Time since last request: 0.000073 seconds.
  path: Assets/Runner/Prefabs/Player.prefab
  artifactKey: Guid(6dc42ad68cc8044df837a14ff82a63dc) Importer(815301076,1909f56bfc062723c751e8b465ee728b)
Start importing Assets/Runner/Prefabs/Player.prefab using Guid(6dc42ad68cc8044df837a14ff82a63dc) Importer(815301076,1909f56bfc062723c751e8b465ee728b)  -> (artifact id: '6391ca5afb7a00079ca8e2b3f609c975') in 0.040619 seconds 
========================================================================
Received Import Request.
  Time since last request: 0.000080 seconds.
  path: Assets/Runner/Prefabs/SaveManager.prefab
  artifactKey: Guid(3634157dd07b141c2aaa950dd4771f81) Importer(815301076,1909f56bfc062723c751e8b465ee728b)
Start importing Assets/Runner/Prefabs/SaveManager.prefab using Guid(3634157dd07b141c2aaa950dd4771f81) Importer(815301076,1909f56bfc062723c751e8b465ee728b)  -> (artifact id: '7240bba473515e2eddf875370ea1e027') in 0.001788 seconds 
========================================================================
Received Prepare
Registering precompiled user dll's ...
Registered in 0.002339 seconds.
Begin MonoManager ReloadAssembly
Cleanup Blit
UnityEngine.StackTraceUtility:ExtractStackTrace () (at /Users/bokken/build/output/unity/unity/Runtime/Export/Scripting/StackTrace.cs:37)
UnityEngine.DebugLogHandler:LogFormat (UnityEngine.LogType,UnityEngine.Object,string,object[])
UnityEngine.Logger:Log (UnityEngine.LogType,object)
UnityEngine.Debug:Log (object)
UnityEngine.Rendering.Blitter:Cleanup () (at Library/PackageCache/com.unity.render-pipelines.core@12.1.11/Runtime/Utilities/Blitter.cs:158)
UnityEngine.Rendering.Universal.UniversalRenderer:Dispose (bool) (at Library/PackageCache/com.unity.render-pipelines.universal@12.1.11/Runtime/UniversalRenderer.cs:361)
UnityEngine.Rendering.Universal.ScriptableRenderer:Dispose () (at Library/PackageCache/com.unity.render-pipelines.universal@12.1.11/Runtime/ScriptableRenderer.cs:565)
UnityEngine.Rendering.Universal.UniversalRenderPipelineAsset:DestroyRenderer (UnityEngine.Rendering.Universal.ScriptableRenderer&) (at Library/PackageCache/com.unity.render-pipelines.universal@12.1.11/Runtime/Data/UniversalRenderPipelineAsset.cs:493)
UnityEngine.Rendering.Universal.UniversalRenderPipelineAsset:DestroyRenderers () (at Library/PackageCache/com.unity.render-pipelines.universal@12.1.11/Runtime/Data/UniversalRenderPipelineAsset.cs:486)
UnityEngine.Rendering.Universal.UniversalRenderPipelineAsset:OnDisable () (at Library/PackageCache/com.unity.render-pipelines.universal@12.1.11/Runtime/Data/UniversalRenderPipelineAsset.cs:509)

(Filename: Library/PackageCache/com.unity.render-pipelines.core@12.1.11/Runtime/Utilities/Blitter.cs Line: 158)

Thread 0x17ffc7000 may have been prematurely finalized
Symbol file LoadedFromMemory doesn't match image /Users/aayushbaniya/Downloads/GitHub/GameDevelopment/2DRunner/2DRunner/Library/PackageCache/com.unity.visualscripting@1.8.0/Editor/VisualScripting.Core/Dependencies/YamlDotNet/Unity.VisualScripting.YamlDotNet.dll
Symbol file LoadedFromMemory doesn't match image /Users/aayushbaniya/Downloads/GitHub/GameDevelopment/2DRunner/2DRunner/Library/PackageCache/com.unity.visualscripting@1.8.0/Editor/VisualScripting.Core/Dependencies/DotNetZip/Unity.VisualScripting.IonicZip.dll
Native extension for iOS target not found
2023-05-26 11:56:27.119 Unity[33092:2994168] [XcodeApplications] Expected com.apple.dt.Xcode CFBundleIdentifier but found com.microsoft.VSCode in /Users/aayushbaniya/Downloads/Visual Studio Code.app/Contents/Info.plist
Native extension for Android target not found
Native extension for OSXStandalone target not found
Native extension for WebGL target not found
Refreshing native plugins compatible for Editor in 0.64 ms, found 2 plugins.
Preloading 0 native plugins for Editor in 0.00 ms.
Mono: successfully reloaded assembly
- Completed reload, in  0.819 seconds
Domain Reload Profiling:
	ReloadAssembly (820ms)
		BeginReloadAssembly (174ms)
			ExecutionOrderSort (0ms)
			DisableScriptedObjects (8ms)
			BackupInstance (0ms)
			ReleaseScriptingObjects (0ms)
			CreateAndSetChildDomain (89ms)
		EndReloadAssembly (590ms)
			LoadAssemblies (58ms)
			RebuildTransferFunctionScriptingTraits (0ms)
			SetupTypeCache (193ms)
			ReleaseScriptCaches (4ms)
			RebuildScriptCaches (36ms)
			SetupLoadedEditorAssemblies (237ms)
				LogAssemblyErrors (0ms)
				InitializePlatformSupportModulesInManaged (19ms)
				SetLoadedEditorAssemblies (0ms)
				RefreshPlugins (1ms)
				BeforeProcessingInitializeOnLoad (51ms)
				ProcessInitializeOnLoadAttributes (124ms)
				ProcessInitializeOnLoadMethodAttributes (41ms)
				AfterProcessingInitializeOnLoad (1ms)
				EditorAssembliesLoaded (0ms)
			ExecutionOrderSort2 (0ms)
			AwakeInstancesAfterBackupRestoration (6ms)
Platform modules already initialized, skipping
Refreshing native plugins compatible for Editor in 1.16 ms, found 2 plugins.
Preloading 0 native plugins for Editor in 0.00 ms.
Unloading 5218 Unused Serialized files (Serialized files now loaded: 0)
Unloading 36 unused Assets / (1.0 MB). Loaded Objects now: 5880.
Memory consumption went from 229.2 MB to 228.2 MB.
Total: 3.381000 ms (FindLiveObjects: 0.248792 ms CreateObjectMapping: 0.087958 ms MarkObjects: 2.687916 ms  DeleteObjects: 0.355292 ms)

AssetImportParameters requested are different than current active one (requested -> active):
  custom:video-decoder-ogg-theora: a1e56fd34408186e4bbccfd4996cb3dc -> 
  custom:container-muxer-webm: aa71ff27fc2769a1b78a27578f13a17b -> 
  custom:container-demuxer-webm: 4f35f7cbe854078d1ac9338744f61a02 -> 
  custom:video-encoder-webm-vp8: eb34c28f22e8b96e1ab97ce403110664 -> 
  custom:framework-osx-AVFoundation: e770b220cccbd017edd2c1fefb359320 -> 
  custom:audio-encoder-webm-vorbis: bf7c407c2cedff20999df2af8eb42d56 -> 
  custom:container-demuxer-ogg: 62fdf1f143b41e24485cea50d1cbac27 -> 
  custom:video-decoder-webm-vp8: 9c59270c3fd7afecdb556c50c9e8de78 -> 
  custom:audio-decoder-ogg-vorbis: bf7c407c2cedff20999df2af8eb42d56 -> 
