Unity Editor version:    2021.3.25f1 (68ef2c4f8861)
Branch:                  2021.3/staging
Build type:              Release
Batch mode:              YES
macOS version:           Version 13.2.1 (Build 22D68)
Darwin version:          22.3.0
Architecture:            arm64
Running under Rosetta:   NO
Available memory:        8192 MB
Using pre-set license
Pro License: YES

COMMAND LINE ARGUMENTS:
/Applications/Unity/Hub/Editor/2021.3.25f1/Unity.app/Contents/MacOS/Unity
-adb2
-batchMode
-noUpm
-name
AssetImportWorker0
-projectPath
/Users/aayushbaniya/Downloads/GitHub/GameDevelopment/2DRunner/2DRunner
-logFile
Logs/AssetImportWorker0.log
-srvPort
55815
Successfully changed project path to: /Users/aayushbaniya/Downloads/GitHub/GameDevelopment/2DRunner/2DRunner
/Users/aayushbaniya/Downloads/GitHub/GameDevelopment/2DRunner/2DRunner
[UnityMemory] Configuration Parameters - Can be set up in boot.config
    "memorysetup-bucket-allocator-granularity=16"
    "memorysetup-bucket-allocator-bucket-count=8"
    "memorysetup-bucket-allocator-block-size=33554432"
    "memorysetup-bucket-allocator-block-count=8"
    "memorysetup-main-allocator-block-size=16777216"
    "memorysetup-thread-allocator-block-size=16777216"
    "memorysetup-gfx-main-allocator-block-size=16777216"
    "memorysetup-gfx-thread-allocator-block-size=16777216"
    "memorysetup-cache-allocator-block-size=4194304"
    "memorysetup-typetree-allocator-block-size=2097152"
    "memorysetup-profiler-bucket-allocator-granularity=16"
    "memorysetup-profiler-bucket-allocator-bucket-count=8"
    "memorysetup-profiler-bucket-allocator-block-size=33554432"
    "memorysetup-profiler-bucket-allocator-block-count=8"
    "memorysetup-profiler-allocator-block-size=16777216"
    "memorysetup-profiler-editor-allocator-block-size=1048576"
    "memorysetup-temp-allocator-size-main=16777216"
    "memorysetup-job-temp-allocator-block-size=2097152"
    "memorysetup-job-temp-allocator-block-size-background=1048576"
    "memorysetup-job-temp-allocator-reduction-small-platforms=262144"
    "memorysetup-temp-allocator-size-background-worker=32768"
    "memorysetup-temp-allocator-size-job-worker=262144"
    "memorysetup-temp-allocator-size-preload-manager=33554432"
    "memorysetup-temp-allocator-size-nav-mesh-worker=65536"
    "memorysetup-temp-allocator-size-audio-worker=65536"
    "memorysetup-temp-allocator-size-cloud-worker=32768"
    "memorysetup-temp-allocator-size-gi-baking-worker=262144"
    "memorysetup-temp-allocator-size-gfx=262144"
Player connection [8608825664] Host "[IP] 192.168.1.237 [Port] 0 [Flags] 2 [Guid] 2635486126 [EditorId] 2635486126 [Version] 1048832 [Id] OSXEditor(0,Aayushs-MBP.attlocal.net) [Debug] 1 [PackageName] OSXEditor [ProjectName] Editor" joined multi-casting on [225.0.0.222:54997]...

Player connection [8608825664] Host "[IP] 192.168.1.237 [Port] 0 [Flags] 2 [Guid] 2635486126 [EditorId] 2635486126 [Version] 1048832 [Id] OSXEditor(0,Aayushs-MBP.attlocal.net) [Debug] 1 [PackageName] OSXEditor [ProjectName] Editor" joined alternative multi-casting on [225.0.0.222:34997]...

Refreshing native plugins compatible for Editor in 94.67 ms, found 2 plugins.
Preloading 0 native plugins for Editor in 0.00 ms.
Initialize engine version: 2021.3.25f1 (68ef2c4f8861)
[Subsystems] Discovering subsystems at path /Applications/Unity/Hub/Editor/2021.3.25f1/Unity.app/Contents/Resources/UnitySubsystems
[Subsystems] Discovering subsystems at path /Users/aayushbaniya/Downloads/GitHub/GameDevelopment/2DRunner/2DRunner/Assets
GfxDevice: creating device client; threaded=0; jobified=0
 preferred device: Apple M1 (high power)
Metal devices available: 1
0: Apple M1 (high power)
Using device Apple M1 (high power)
Initializing Metal device caps: Apple M1
Initialize mono
Mono path[0] = '/Applications/Unity/Hub/Editor/2021.3.25f1/Unity.app/Contents/Managed'
Mono path[1] = '/Applications/Unity/Hub/Editor/2021.3.25f1/Unity.app/Contents/MonoBleedingEdge/lib/mono/unityjit-macos'
Mono config path = '/Applications/Unity/Hub/Editor/2021.3.25f1/Unity.app/Contents/MonoBleedingEdge/etc'
Using monoOptions --debugger-agent=transport=dt_socket,embedding=1,server=y,suspend=n,address=127.0.0.1:56090
Begin MonoManager ReloadAssembly
Registering precompiled unity dll's ...
Register platform support module: /Applications/Unity/Hub/Editor/2021.3.25f1/PlaybackEngines/WebGLSupport/UnityEditor.WebGL.Extensions.dll
Register platform support module: /Applications/Unity/Hub/Editor/2021.3.25f1/Unity.app/Contents/PlaybackEngines/MacStandaloneSupport/UnityEditor.OSXStandalone.Extensions.dll
Register platform support module: /Applications/Unity/Hub/Editor/2021.3.25f1/PlaybackEngines/AndroidPlayer/UnityEditor.Android.Extensions.dll
Register platform support module: /Applications/Unity/Hub/Editor/2021.3.25f1/PlaybackEngines/iOSSupport/UnityEditor.iOS.Extensions.dll
Registered in 0.002766 seconds.
[usbmuxd] Start listen thread
[usbmuxd] Listen thread started
[usbmuxd] Send listen message
Native extension for iOS target not found
2023-05-26 11:52:46.314 Unity[33090:2994165] [XcodeApplications] Expected com.apple.dt.Xcode CFBundleIdentifier but found com.microsoft.VSCode in /Users/aayushbaniya/Downloads/Visual Studio Code.app/Contents/Info.plist
Native extension for Android target not found
Android Extension - Scanning For ADB Devices 66 ms
Native extension for OSXStandalone target not found
Native extension for WebGL target not found
Refreshing native plugins compatible for Editor in 94.22 ms, found 2 plugins.
Preloading 0 native plugins for Editor in 0.00 ms.
Mono: successfully reloaded assembly
- Completed reload, in  0.602 seconds
Domain Reload Profiling:
	ReloadAssembly (602ms)
		BeginReloadAssembly (77ms)
			ExecutionOrderSort (0ms)
			DisableScriptedObjects (0ms)
			BackupInstance (0ms)
			ReleaseScriptingObjects (0ms)
			CreateAndSetChildDomain (0ms)
		EndReloadAssembly (466ms)
			LoadAssemblies (80ms)
			RebuildTransferFunctionScriptingTraits (0ms)
			SetupTypeCache (71ms)
			ReleaseScriptCaches (0ms)
			RebuildScriptCaches (18ms)
			SetupLoadedEditorAssemblies (348ms)
				LogAssemblyErrors (0ms)
				InitializePlatformSupportModulesInManaged (190ms)
				SetLoadedEditorAssemblies (0ms)
				RefreshPlugins (94ms)
				BeforeProcessingInitializeOnLoad (1ms)
				ProcessInitializeOnLoadAttributes (42ms)
				ProcessInitializeOnLoadMethodAttributes (22ms)
				AfterProcessingInitializeOnLoad (0ms)
				EditorAssembliesLoaded (0ms)
			ExecutionOrderSort2 (0ms)
			AwakeInstancesAfterBackupRestoration (0ms)
Platform modules already initialized, skipping
Registering precompiled user dll's ...
Registered in 0.008282 seconds.
Begin MonoManager ReloadAssembly
Symbol file LoadedFromMemory doesn't match image /Users/aayushbaniya/Downloads/GitHub/GameDevelopment/2DRunner/2DRunner/Library/PackageCache/com.unity.visualscripting@1.8.0/Editor/VisualScripting.Core/Dependencies/YamlDotNet/Unity.VisualScripting.YamlDotNet.dll
Symbol file LoadedFromMemory doesn't match image /Users/aayushbaniya/Downloads/GitHub/GameDevelopment/2DRunner/2DRunner/Library/PackageCache/com.unity.visualscripting@1.8.0/Editor/VisualScripting.Core/Dependencies/DotNetZip/Unity.VisualScripting.IonicZip.dll
Native extension for iOS target not found
2023-05-26 11:52:48.491 Unity[33090:2994165] [XcodeApplications] Expected com.apple.dt.Xcode CFBundleIdentifier but found com.microsoft.VSCode in /Users/aayushbaniya/Downloads/Visual Studio Code.app/Contents/Info.plist
Native extension for Android target not found
Native extension for OSXStandalone target not found
Native extension for WebGL target not found
Refreshing native plugins compatible for Editor in 95.42 ms, found 2 plugins.
Preloading 0 native plugins for Editor in 0.00 ms.
Mono: successfully reloaded assembly
- Completed reload, in  0.808 seconds
Domain Reload Profiling:
	ReloadAssembly (809ms)
		BeginReloadAssembly (62ms)
			ExecutionOrderSort (0ms)
			DisableScriptedObjects (3ms)
			BackupInstance (0ms)
			ReleaseScriptingObjects (0ms)
			CreateAndSetChildDomain (18ms)
		EndReloadAssembly (684ms)
			LoadAssemblies (65ms)
			RebuildTransferFunctionScriptingTraits (0ms)
			SetupTypeCache (175ms)
			ReleaseScriptCaches (1ms)
			RebuildScriptCaches (41ms)
			SetupLoadedEditorAssemblies (367ms)
				LogAssemblyErrors (0ms)
				InitializePlatformSupportModulesInManaged (17ms)
				SetLoadedEditorAssemblies (0ms)
				RefreshPlugins (95ms)
				BeforeProcessingInitializeOnLoad (71ms)
				ProcessInitializeOnLoadAttributes (144ms)
				ProcessInitializeOnLoadMethodAttributes (38ms)
				AfterProcessingInitializeOnLoad (1ms)
				EditorAssembliesLoaded (0ms)
			ExecutionOrderSort2 (0ms)
			AwakeInstancesAfterBackupRestoration (2ms)
Platform modules already initialized, skipping
========================================================================
Worker process is ready to serve import requests
Launching external process: /Applications/Unity/Hub/Editor/2021.3.25f1/Unity.app/Contents/Tools/UnityShaderCompiler
Launched and connected shader compiler UnityShaderCompiler after 0.05 seconds
Refreshing native plugins compatible for Editor in 0.81 ms, found 2 plugins.
Preloading 0 native plugins for Editor in 0.00 ms.
Unloading 5339 Unused Serialized files (Serialized files now loaded: 0)
Unloading 45 unused Assets / (1.0 MB). Loaded Objects now: 5785.
Memory consumption went from 210.9 MB to 209.9 MB.
Total: 4.753333 ms (FindLiveObjects: 0.348625 ms CreateObjectMapping: 0.138625 ms MarkObjects: 3.852458 ms  DeleteObjects: 0.412416 ms)

AssetImportParameters requested are different than current active one (requested -> active):
  custom:video-decoder-ogg-theora: a1e56fd34408186e4bbccfd4996cb3dc -> 
  custom:container-muxer-webm: aa71ff27fc2769a1b78a27578f13a17b -> 
  custom:container-demuxer-webm: 4f35f7cbe854078d1ac9338744f61a02 -> 
  custom:video-encoder-webm-vp8: eb34c28f22e8b96e1ab97ce403110664 -> 
  custom:framework-osx-AVFoundation: e770b220cccbd017edd2c1fefb359320 -> 
  custom:audio-encoder-webm-vorbis: bf7c407c2cedff20999df2af8eb42d56 -> 
  custom:container-demuxer-ogg: 62fdf1f143b41e24485cea50d1cbac27 -> 
  custom:video-decoder-webm-vp8: 9c59270c3fd7afecdb556c50c9e8de78 -> 
  custom:audio-decoder-ogg-vorbis: bf7c407c2cedff20999df2af8eb42d56 -> 
========================================================================
Received Import Request.
  Time since last request: 221291.580164 seconds.
  path: Assets/Runner/Environment/Textures/checkerboard.png
  artifactKey: Guid(14cfbde8f5a964e61a3049a788a06617) Importer(815301076,1909f56bfc062723c751e8b465ee728b)
Start importing Assets/Runner/Environment/Textures/checkerboard.png using Guid(14cfbde8f5a964e61a3049a788a06617) Importer(815301076,1909f56bfc062723c751e8b465ee728b)  -> (artifact id: 'b952b95905a1622dc19a5580912b7f72') in 0.428130 seconds 
========================================================================
Received Import Request.
  Time since last request: 0.000079 seconds.
  path: Assets/Runner/Environment/Materials/GateRed.mat
  artifactKey: Guid(225ea0b31d7d44c949599f1637525837) Importer(815301076,1909f56bfc062723c751e8b465ee728b)
Start importing Assets/Runner/Environment/Materials/GateRed.mat using Guid(225ea0b31d7d44c949599f1637525837) Importer(815301076,1909f56bfc062723c751e8b465ee728b)  -> (artifact id: '792dd8bd511abc11cdaf8e23c5b94eba') in 0.176186 seconds 
========================================================================
Received Import Request.
  Time since last request: 0.000069 seconds.
  path: Assets/Runner/Environment/Materials/GateGreen.mat
  artifactKey: Guid(8e19dc4de7323419d8e49c203a61f64b) Importer(815301076,1909f56bfc062723c751e8b465ee728b)
Start importing Assets/Runner/Environment/Materials/GateGreen.mat using Guid(8e19dc4de7323419d8e49c203a61f64b) Importer(815301076,1909f56bfc062723c751e8b465ee728b)  -> (artifact id: 'e92f2d319168b9cfff65a8beed35e879') in 0.008073 seconds 
========================================================================
Received Import Request.
  Time since last request: 0.000084 seconds.
  path: Assets/Runner/Environment/Materials/Terrain2.mat
  artifactKey: Guid(0874960be4542452892b027164a75540) Importer(815301076,1909f56bfc062723c751e8b465ee728b)
Start importing Assets/Runner/Environment/Materials/Terrain2.mat using Guid(0874960be4542452892b027164a75540) Importer(815301076,1909f56bfc062723c751e8b465ee728b)  -> (artifact id: '0088fab359b985d56c0538a44f85e382') in 0.023274 seconds 
========================================================================
Received Import Request.
  Time since last request: 3.335816 seconds.
  path: Assets/Runner/Environment/Audio/Collectable.wav
  artifactKey: Guid(7f035bf471a2542c6bcb1d928488c353) Importer(815301076,1909f56bfc062723c751e8b465ee728b)
Start importing Assets/Runner/Environment/Audio/Collectable.wav using Guid(7f035bf471a2542c6bcb1d928488c353) Importer(815301076,1909f56bfc062723c751e8b465ee728b)  -> (artifact id: '33f8e2255e3ac4608ce2a61e26e8d26d') in 0.636143 seconds 
========================================================================
Received Import Request.
  Time since last request: 0.000234 seconds.
  path: Assets/Runner/Environment/Audio/StartSound02.wav
  artifactKey: Guid(2746e40e99d6a496d9138c980ca19aa2) Importer(815301076,1909f56bfc062723c751e8b465ee728b)
Start importing Assets/Runner/Environment/Audio/StartSound02.wav using Guid(2746e40e99d6a496d9138c980ca19aa2) Importer(815301076,1909f56bfc062723c751e8b465ee728b)  -> (artifact id: '5cfc4cda4c6ba9181b259b038989602e') in 0.007169 seconds 
========================================================================
Received Import Request.
  Time since last request: 0.927314 seconds.
  path: Assets/Runner/Environment/Prefabs/FinishLine.prefab
  artifactKey: Guid(32fa2c6232c2842b9ab5998a592d00bf) Importer(815301076,1909f56bfc062723c751e8b465ee728b)
Start importing Assets/Runner/Environment/Prefabs/FinishLine.prefab using Guid(32fa2c6232c2842b9ab5998a592d00bf) Importer(815301076,1909f56bfc062723c751e8b465ee728b)  -> (artifact id: 'c443b57fe6b35a807524f5893b7d2178') in 0.070732 seconds 
========================================================================
Received Import Request.
  Time since last request: 10.231141 seconds.
  path: Assets/Runner/Events/CoinPickedEvent.asset
  artifactKey: Guid(a796f105604544326aea1a54797b65ba) Importer(815301076,1909f56bfc062723c751e8b465ee728b)
Start importing Assets/Runner/Events/CoinPickedEvent.asset using Guid(a796f105604544326aea1a54797b65ba) Importer(815301076,1909f56bfc062723c751e8b465ee728b)  -> (artifact id: 'ec9fb0de2075c0b151ba588bbf758b60') in 0.040673 seconds 
========================================================================
Received Import Request.
  Time since last request: 0.605986 seconds.
  path: Assets/Runner/InputActions/Movement.inputactions
  artifactKey: Guid(7da6ca0abc47a4daf8cdbaa29468b709) Importer(815301076,1909f56bfc062723c751e8b465ee728b)
Start importing Assets/Runner/InputActions/Movement.inputactions using Guid(7da6ca0abc47a4daf8cdbaa29468b709) Importer(815301076,1909f56bfc062723c751e8b465ee728b)  -> (artifact id: 'f5a7d91c4de66f6a0e56eb0cb96f7a96') in 0.048352 seconds 
========================================================================
Received Import Request.
  Time since last request: 2.147967 seconds.
  path: Assets/Runner/Prefabs/GameManager.prefab
  artifactKey: Guid(24e6103122814457297dc45d1ebd9d78) Importer(815301076,1909f56bfc062723c751e8b465ee728b)
Start importing Assets/Runner/Prefabs/GameManager.prefab using Guid(24e6103122814457297dc45d1ebd9d78) Importer(815301076,1909f56bfc062723c751e8b465ee728b)  -> (artifact id: '4fe84880676d8d8d806da90493ec648d') in 0.007412 seconds 
========================================================================
Received Import Request.
  Time since last request: 0.000095 seconds.
  path: Assets/Runner/Prefabs/InputManager.prefab
  artifactKey: Guid(cdf45adc9574e4d54bb0716214b8f1c6) Importer(815301076,1909f56bfc062723c751e8b465ee728b)
Start importing Assets/Runner/Prefabs/InputManager.prefab using Guid(cdf45adc9574e4d54bb0716214b8f1c6) Importer(815301076,1909f56bfc062723c751e8b465ee728b)  -> (artifact id: '0dd0d0d1412fcfa2f0839bd4116e72e7') in 0.003438 seconds 
========================================================================
Received Import Request.
  Time since last request: 0.000046 seconds.
  path: Assets/Runner/Prefabs/RunnerSequenceManager.prefab
  artifactKey: Guid(6a3c13f7e2c6d42fe8c3f5029e1d0a98) Importer(815301076,1909f56bfc062723c751e8b465ee728b)
Start importing Assets/Runner/Prefabs/RunnerSequenceManager.prefab using Guid(6a3c13f7e2c6d42fe8c3f5029e1d0a98) Importer(815301076,1909f56bfc062723c751e8b465ee728b)  -> (artifact id: 'be3ce28c3f0791a43fbfb4f9c88b930b') in 0.070302 seconds 
========================================================================
Received Import Request.
  Time since last request: 53.457202 seconds.
  path: Assets/Runner/Environment/Levels/Level_000 1.asset
  artifactKey: Guid(8c2b484dbdf304af4924e94e42598a35) Importer(815301076,1909f56bfc062723c751e8b465ee728b)
Start importing Assets/Runner/Environment/Levels/Level_000 1.asset using Guid(8c2b484dbdf304af4924e94e42598a35) Importer(815301076,1909f56bfc062723c751e8b465ee728b)  -> (artifact id: '8a136d3edfa2eb2d7568a31bb9978b26') in 0.095536 seconds 
========================================================================
Received Import Request.
  Time since last request: 25.399695 seconds.
  path: Assets/Runner/Environment/Prefabs/Spawnables/Obstacle.prefab
  artifactKey: Guid(be33d0e842eb84b2786dd46a6869b1ce) Importer(815301076,1909f56bfc062723c751e8b465ee728b)
Start importing Assets/Runner/Environment/Prefabs/Spawnables/Obstacle.prefab using Guid(be33d0e842eb84b2786dd46a6869b1ce) Importer(815301076,1909f56bfc062723c751e8b465ee728b)  -> (artifact id: '43729d5bd6a8d15e23f86186317c1586') in 0.022719 seconds 
========================================================================
Received Import Request.
  Time since last request: 0.702652 seconds.
  path: Assets/Runner/Environment/Prefabs/Spawnables/Obstacle.prefab
  artifactKey: Guid(be33d0e842eb84b2786dd46a6869b1ce) Importer(815301076,1909f56bfc062723c751e8b465ee728b)
Start importing Assets/Runner/Environment/Prefabs/Spawnables/Obstacle.prefab using Guid(be33d0e842eb84b2786dd46a6869b1ce) Importer(815301076,1909f56bfc062723c751e8b465ee728b)  -> (artifact id: '15990aae84f81dffb6e3b72472dfde0a') in 0.005898 seconds 
========================================================================
Received Import Request.
  Time since last request: 46.577996 seconds.
  path: Assets/Runner/Environment/Levels/Level_000 1.asset
  artifactKey: Guid(87468036e6375482fa9adbf8e99085c0) Importer(815301076,1909f56bfc062723c751e8b465ee728b)
Start importing Assets/Runner/Environment/Levels/Level_000 1.asset using Guid(87468036e6375482fa9adbf8e99085c0) Importer(815301076,1909f56bfc062723c751e8b465ee728b)  -> (artifact id: '057ac221a4bd75c4c90b3947cb7649a8') in 0.038671 seconds 
========================================================================
Received Import Request.
  Time since last request: 14.069198 seconds.
  path: Assets/Runner/Environment/Levels/Level_000 1.asset
  artifactKey: Guid(38b1d6b9df92841b183a21748cde3812) Importer(815301076,1909f56bfc062723c751e8b465ee728b)
Start importing Assets/Runner/Environment/Levels/Level_000 1.asset using Guid(38b1d6b9df92841b183a21748cde3812) Importer(815301076,1909f56bfc062723c751e8b465ee728b)  -> (artifact id: 'f86d693deae89ed6d822660fd06f6369') in 0.023183 seconds 
========================================================================
Received Import Request.
  Time since last request: 16.089155 seconds.
  path: Assets/Runner/Environment/Levels/Level_000 1.asset
  artifactKey: Guid(7d40b084450f84b949bb26c1a2dfd847) Importer(815301076,1909f56bfc062723c751e8b465ee728b)
Start importing Assets/Runner/Environment/Levels/Level_000 1.asset using Guid(7d40b084450f84b949bb26c1a2dfd847) Importer(815301076,1909f56bfc062723c751e8b465ee728b)  -> (artifact id: '0860876b6adbe625f53d8b2e3432f0b6') in 0.034121 seconds 
========================================================================
Received Import Request.
  Time since last request: 7.058962 seconds.
  path: Assets/Runner/Environment/Levels/Level_000 2.asset
  artifactKey: Guid(85ca46f53b706490c91e8c22c829a181) Importer(815301076,1909f56bfc062723c751e8b465ee728b)
Start importing Assets/Runner/Environment/Levels/Level_000 2.asset using Guid(85ca46f53b706490c91e8c22c829a181) Importer(815301076,1909f56bfc062723c751e8b465ee728b)  -> (artifact id: '551c0bf177a5adf065df83953fac1135') in 0.033212 seconds 
========================================================================
Received Import Request.
  Time since last request: 8.851549 seconds.
  path: Assets/Shared/Scenes/Boot.unity
  artifactKey: Guid(c08c9c64ef12d4b4b8d662c37aa3afab) Importer(815301076,1909f56bfc062723c751e8b465ee728b)
Start importing Assets/Shared/Scenes/Boot.unity using Guid(c08c9c64ef12d4b4b8d662c37aa3afab) Importer(815301076,1909f56bfc062723c751e8b465ee728b)  -> (artifact id: '6e1c34ecb2fa1ef8deb5dcba0efb69b0') in 0.001033 seconds 
========================================================================
Received Prepare
Registering precompiled user dll's ...
Registered in 0.002194 seconds.
Begin MonoManager ReloadAssembly
Cleanup Blit
UnityEngine.StackTraceUtility:ExtractStackTrace () (at /Users/bokken/build/output/unity/unity/Runtime/Export/Scripting/StackTrace.cs:37)
UnityEngine.DebugLogHandler:LogFormat (UnityEngine.LogType,UnityEngine.Object,string,object[])
UnityEngine.Logger:Log (UnityEngine.LogType,object)
UnityEngine.Debug:Log (object)
UnityEngine.Rendering.Blitter:Cleanup () (at Library/PackageCache/com.unity.render-pipelines.core@12.1.11/Runtime/Utilities/Blitter.cs:158)
UnityEngine.Rendering.Universal.UniversalRenderer:Dispose (bool) (at Library/PackageCache/com.unity.render-pipelines.universal@12.1.11/Runtime/UniversalRenderer.cs:361)
UnityEngine.Rendering.Universal.ScriptableRenderer:Dispose () (at Library/PackageCache/com.unity.render-pipelines.universal@12.1.11/Runtime/ScriptableRenderer.cs:565)
UnityEngine.Rendering.Universal.UniversalRenderPipelineAsset:DestroyRenderer (UnityEngine.Rendering.Universal.ScriptableRenderer&) (at Library/PackageCache/com.unity.render-pipelines.universal@12.1.11/Runtime/Data/UniversalRenderPipelineAsset.cs:493)
UnityEngine.Rendering.Universal.UniversalRenderPipelineAsset:DestroyRenderers () (at Library/PackageCache/com.unity.render-pipelines.universal@12.1.11/Runtime/Data/UniversalRenderPipelineAsset.cs:486)
UnityEngine.Rendering.Universal.UniversalRenderPipelineAsset:OnDisable () (at Library/PackageCache/com.unity.render-pipelines.universal@12.1.11/Runtime/Data/UniversalRenderPipelineAsset.cs:509)

(Filename: Library/PackageCache/com.unity.render-pipelines.core@12.1.11/Runtime/Utilities/Blitter.cs Line: 158)

Thread 0x290387000 may have been prematurely finalized
Symbol file LoadedFromMemory doesn't match image /Users/aayushbaniya/Downloads/GitHub/GameDevelopment/2DRunner/2DRunner/Library/PackageCache/com.unity.visualscripting@1.8.0/Editor/VisualScripting.Core/Dependencies/YamlDotNet/Unity.VisualScripting.YamlDotNet.dll
Symbol file LoadedFromMemory doesn't match image /Users/aayushbaniya/Downloads/GitHub/GameDevelopment/2DRunner/2DRunner/Library/PackageCache/com.unity.visualscripting@1.8.0/Editor/VisualScripting.Core/Dependencies/DotNetZip/Unity.VisualScripting.IonicZip.dll
Native extension for iOS target not found
2023-05-26 11:56:27.119 Unity[33090:2994165] [XcodeApplications] Expected com.apple.dt.Xcode CFBundleIdentifier but found com.microsoft.VSCode in /Users/aayushbaniya/Downloads/Visual Studio Code.app/Contents/Info.plist
Native extension for Android target not found
Native extension for OSXStandalone target not found
Native extension for WebGL target not found
Refreshing native plugins compatible for Editor in 0.63 ms, found 2 plugins.
Preloading 0 native plugins for Editor in 0.00 ms.
Mono: successfully reloaded assembly
- Completed reload, in  0.818 seconds
Domain Reload Profiling:
	ReloadAssembly (819ms)
		BeginReloadAssembly (173ms)
			ExecutionOrderSort (0ms)
			DisableScriptedObjects (8ms)
			BackupInstance (0ms)
			ReleaseScriptingObjects (0ms)
			CreateAndSetChildDomain (91ms)
		EndReloadAssembly (590ms)
			LoadAssemblies (52ms)
			RebuildTransferFunctionScriptingTraits (0ms)
			SetupTypeCache (195ms)
			ReleaseScriptCaches (6ms)
			RebuildScriptCaches (36ms)
			SetupLoadedEditorAssemblies (238ms)
				LogAssemblyErrors (0ms)
				InitializePlatformSupportModulesInManaged (20ms)
				SetLoadedEditorAssemblies (0ms)
				RefreshPlugins (1ms)
				BeforeProcessingInitializeOnLoad (51ms)
				ProcessInitializeOnLoadAttributes (124ms)
				ProcessInitializeOnLoadMethodAttributes (41ms)
				AfterProcessingInitializeOnLoad (1ms)
				EditorAssembliesLoaded (0ms)
			ExecutionOrderSort2 (0ms)
			AwakeInstancesAfterBackupRestoration (6ms)
Platform modules already initialized, skipping
Refreshing native plugins compatible for Editor in 1.16 ms, found 2 plugins.
Preloading 0 native plugins for Editor in 0.00 ms.
Unloading 5218 Unused Serialized files (Serialized files now loaded: 0)
Unloading 41 unused Assets / (1.0 MB). Loaded Objects now: 5879.
Memory consumption went from 229.3 MB to 228.3 MB.
Total: 3.304209 ms (FindLiveObjects: 0.240917 ms CreateObjectMapping: 0.091458 ms MarkObjects: 2.603375 ms  DeleteObjects: 0.368000 ms)

AssetImportParameters requested are different than current active one (requested -> active):
  custom:video-decoder-ogg-theora: a1e56fd34408186e4bbccfd4996cb3dc -> 
  custom:container-muxer-webm: aa71ff27fc2769a1b78a27578f13a17b -> 
  custom:container-demuxer-webm: 4f35f7cbe854078d1ac9338744f61a02 -> 
  custom:video-encoder-webm-vp8: eb34c28f22e8b96e1ab97ce403110664 -> 
  custom:framework-osx-AVFoundation: e770b220cccbd017edd2c1fefb359320 -> 
  custom:audio-encoder-webm-vorbis: bf7c407c2cedff20999df2af8eb42d56 -> 
  custom:container-demuxer-ogg: 62fdf1f143b41e24485cea50d1cbac27 -> 
  custom:video-decoder-webm-vp8: 9c59270c3fd7afecdb556c50c9e8de78 -> 
  custom:audio-decoder-ogg-vorbis: bf7c407c2cedff20999df2af8eb42d56 -> 
